\BOOKMARK [1][-]{chapter*.1}{\376\377\000R\000e\000c\000h\000t\000l\000i\000c\000h\000e\000\040\000E\000r\000k\000l\000\344\000r\000u\000n\000g}{}% 1
\BOOKMARK [1][-]{chapter*.4}{\376\377\000V\000o\000r\000w\000o\000r\000t}{}% 2
\BOOKMARK [1][-]{chapter*.6}{\376\377\000A\000b\000b\000i\000l\000d\000u\000n\000g\000s\000v\000e\000r\000z\000e\000i\000c\000h\000n\000i\000s}{}% 3
\BOOKMARK [1][-]{chapter*.7}{\376\377\000T\000a\000b\000e\000l\000l\000e\000n\000v\000e\000r\000z\000e\000i\000c\000h\000n\000i\000s}{}% 4
\BOOKMARK [0][-]{chapter.1}{\376\377\000E\000i\000n\000l\000e\000i\000t\000u\000n\000g}{}% 5
\BOOKMARK [0][-]{chapter.2}{\376\377\000G\000r\000u\000n\000d\000l\000a\000g\000e\000n\000\040\000d\000e\000s\000\040\000F\000u\000z\000z\000i\000n\000g\000s}{}% 6
\BOOKMARK [1][-]{section.2.1}{\376\377\000B\000l\000a\000c\000k\000b\000o\000x\000,\000\040\000W\000h\000i\000t\000e\000b\000o\000x\000\040\000u\000n\000d\000\040\000G\000r\000e\000y\000b\000o\000x}{chapter.2}% 7
\BOOKMARK [1][-]{section.2.2}{\376\377\000K\000l\000a\000s\000s\000i\000f\000i\000k\000a\000t\000i\000o\000n\000\040\000n\000a\000c\000h\000\040\000E\000i\000n\000g\000a\000b\000e\000g\000e\000n\000e\000r\000i\000e\000r\000u\000n\000g}{chapter.2}% 8
\BOOKMARK [1][-]{section.2.3}{\376\377\000M\000i\000t\000\040\000u\000n\000d\000\040\000o\000h\000n\000e\000\040\000F\000e\000e\000d\000b\000a\000c\000k\000m\000e\000c\000h\000a\000n\000i\000s\000m\000u\000s}{chapter.2}% 9
\BOOKMARK [1][-]{section.2.4}{\376\377\000A\000n\000a\000t\000o\000m\000i\000e\000\040\000d\000e\000r\000\040\000e\000r\000s\000t\000e\000n\000\040\000F\000u\000z\000z\000i\000n\000g\000\040\000S\000y\000s\000t\000e\000m\000e}{chapter.2}% 10
\BOOKMARK [0][-]{chapter.3}{\376\377\000N\000e\000t\000z\000w\000o\000r\000k\000f\000u\000z\000z\000i\000n\000g}{}% 11
\BOOKMARK [1][-]{section.3.1}{\376\377\000H\000e\000r\000a\000u\000s\000f\000o\000r\000d\000e\000r\000u\000n\000g\000e\000n\000\040\000i\000m\000\040\000N\000e\000t\000z\000w\000e\000r\000k\000p\000r\000o\000t\000o\000k\000o\000l\000l\000-\000F\000u\000z\000z\000i\000n\000g}{chapter.3}% 12
\BOOKMARK [2][-]{subsection.3.1.1}{\376\377\000A\000b\000h\000\344\000n\000g\000i\000g\000k\000e\000i\000t\000\040\000v\000o\000n\000\040\000N\000e\000t\000z\000w\000e\000r\000k\000-\000V\000e\000r\000b\000i\000n\000d\000u\000n\000g\000e\000n}{section.3.1}% 13
\BOOKMARK [2][-]{subsection.3.1.2}{\376\377\000Z\000u\000s\000t\000a\000n\000d\000s\000b\000e\000h\000a\000f\000t\000e\000t\000h\000e\000i\000t}{section.3.1}% 14
\BOOKMARK [2][-]{subsection.3.1.3}{\376\377\000H\000o\000c\000h\000\040\000s\000t\000r\000u\000k\000t\000u\000r\000i\000e\000r\000t\000e\000\040\000E\000i\000n\000g\000a\000b\000e\000n}{section.3.1}% 15
\BOOKMARK [2][-]{subsection.3.1.4}{\376\377\000N\000i\000c\000h\000t\000-\000U\000n\000i\000f\000o\000r\000m\000i\000t\000\344\000t}{section.3.1}% 16
\BOOKMARK [1][-]{section.3.2}{\376\377\000A\000l\000l\000g\000e\000m\000e\000i\000n\000e\000s\000\040\000V\000o\000r\000g\000e\000h\000e\000n\000s\000m\000o\000d\000e\000l\000l}{chapter.3}% 17
\BOOKMARK [2][-]{subsection.3.2.1}{\376\377\000E\000r\000s\000t\000e\000\040\000S\000t\000u\000f\000e\000:\000\040\000P\000r\000o\000t\000o\000k\000o\000l\000l\000s\000y\000n\000t\000a\000x\000-\000E\000r\000f\000a\000s\000s\000u\000n\000g}{section.3.2}% 18
\BOOKMARK [2][-]{subsection.3.2.2}{\376\377\000Z\000w\000e\000i\000t\000e\000\040\000S\000t\000u\000f\000e\000:\000\040\000T\000e\000s\000t\000f\000a\000l\000l\000-\000E\000r\000z\000e\000u\000g\000u\000n\000g}{section.3.2}% 19
\BOOKMARK [2][-]{subsection.3.2.3}{\376\377\000D\000r\000i\000t\000t\000e\000\040\000S\000t\000u\000f\000e\000:\000\040\000T\000e\000s\000t\000a\000u\000s\000f\000\374\000h\000r\000u\000n\000g\000\040\000u\000n\000d\000\040\000M\000o\000n\000i\000t\000o\000r}{section.3.2}% 20
\BOOKMARK [2][-]{subsection.3.2.4}{\376\377\000S\000t\000u\000f\000i\000e\000\040\000v\000i\000e\000r\000:\000\040\000F\000e\000e\000d\000b\000a\000c\000k\000\040\000I\000n\000f\000o\000r\000m\000a\000t\000i\000o\000n\000s\000e\000r\000f\000a\000s\000s\000u\000n\000g\000\040\000u\000n\000d\000\040\000N\000u\000t\000z\000u\000n\000g}{section.3.2}% 21
\BOOKMARK [1][-]{section.3.3}{\376\377\000Z\000w\000e\000i\000-\000S\000t\000u\000f\000e\000n\000m\000o\000d\000e\000l\000l\000\040\000v\000o\000n\000\040\000T\000L\000S\000-\000A\000t\000t\000a\000c\000k\000e\000r}{chapter.3}% 22
\BOOKMARK [0][-]{chapter.4}{\376\377\000A\000n\000w\000e\000n\000d\000u\000n\000g\000s\000b\000e\000i\000s\000p\000i\000e\000l\000e}{}% 23
\BOOKMARK [1][-]{section.4.1}{\376\377\000L\000o\000k\000a\000l\000e\000\040\000S\000S\000H\000\040\000u\000n\000d\000\040\000T\000L\000S\000\040\000S\000e\000r\000v\000e\000r}{chapter.4}% 24
\BOOKMARK [1][-]{section.4.2}{\376\377\000S\000S\000H\000-\000F\000u\000z\000z\000e\000r}{chapter.4}% 25
\BOOKMARK [1][-]{section.4.3}{\376\377\000T\000L\000S\000-\000A\000t\000t\000a\000c\000k\000e\000r}{chapter.4}% 26
\BOOKMARK [1][-]{section.4.4}{\376\377\000T\000L\000S\000-\000F\000u\000z\000z\000e\000r}{chapter.4}% 27
\BOOKMARK [1][-]{section.4.5}{\376\377\000A\000F\000L\000n\000e\000t}{chapter.4}% 28
\BOOKMARK [0][-]{chapter.5}{\376\377\000Z\000u\000s\000a\000m\000m\000e\000n\000f\000a\000s\000s\000u\000n\000g\000\040\000u\000n\000d\000\040\000A\000u\000s\000b\000l\000i\000c\000k}{}% 29
\BOOKMARK [0][-]{chapter*.17}{\376\377\000L\000i\000t\000e\000r\000a\000t\000u\000r}{}% 30
\BOOKMARK [0][-]{appendix.A}{\376\377\000B\000o\000n\000u\000s\000m\000a\000t\000e\000r\000i\000a\000l}{}% 31
\BOOKMARK [1][-]{section.A.1}{\376\377\000M\000e\000s\000s\000d\000a\000t\000e\000n}{appendix.A}% 32
\BOOKMARK [1][-]{section.A.2}{\376\377\000F\000o\000r\000m\000a\000l\000i\000e\000n}{appendix.A}% 33
\BOOKMARK [1][-]{section.A.3}{\376\377\000H\000\344\000u\000f\000i\000g\000e\000\040\000F\000e\000h\000l\000e\000r}{appendix.A}% 34
